GET / 200 573 - 4.648 ms
GET /static/css/main.be51e0b8.css 200 67885 - 2.091 ms
GET /static/js/main.8ac8430f.js 200 1470893 - 2.617 ms
GET /images/logo.png 200 10476 - 1.243 ms
GET /favicon.ico 200 3870 - 1.345 ms
GET /api/story/getTrendingStories 200 18811 - 129.836 ms
GET /api/story/allTags 200 385 - 384.218 ms
GET /api/story?keyword= 200 193924 - 420.264 ms
GET /images/close.png 200 4787 - 2.913 ms
POST /api/user/login 200 388 - 204.196 ms
GET /images/search.png 200 8350 - 0.752 ms
GET /api/user/652d80311d049857e2174f84 200 30446 - 197.027 ms
GET /api/notification/652d80311d049857e2174f84 201 27331 - 264.209 ms
GET /api/user/652d80311d049857e2174f84 304 - - 185.848 ms
GET /api/list/getMyLists 200 29375 - 186.590 ms
GET /api/story?keyword= 304 - - 261.417 ms
GET /api/list/getMyLists 304 - - 259.283 ms
GET /images/clap.png 200 13948 - 8.053 ms
GET /api/comment/storyComments/652d80311d049857e2174fb5 200 2 - 60.219 ms
GET /api/story/652d80311d049857e2174fb5/storyClaps 200 2 - 67.126 ms
GET /api/story/652d80311d049857e2174fb5 200 4535 - 110.462 ms
GET /api/story/652d80311d049857e2174fb5/storyClaps 304 - - 51.785 ms
PUT /api/story/652d80311d049857e2174fb5/markStoryViewed 200 286 - 326.815 ms
PUT /api/story/652d80311d049857e2174fb5/markStoryRead 200 286 - 295.426 ms
GET /api/user/652d80311d049857e2174f84 304 - - 248.282 ms
GET /api/list/getMyLists 304 - - 257.528 ms
GET /api/story?keyword= 304 - - 324.090 ms
GET /api/list/getMyLists 304 - - 249.228 ms
GET /api/story/getTrendingStories 304 - - 147.900 ms
GET /api/story/allTags 304 - - 549.804 ms
GET /api/story?keyword= 304 - - 626.719 ms
GET / 500 320 - 36.468 ms
GET /favicon.ico 500 320 - 0.736 ms
GET /api/user/652d80311d049857e2174f84 200 30446 - 422.502 ms
GET /api/notification/652d80311d049857e2174f84 201 27330 - 516.035 ms
GET /api/user/652d80311d049857e2174f84 304 - - 136.921 ms
GET /api/list/getMyLists 200 29396 - 201.827 ms
GET /api/story?keyword= 304 - - 289.011 ms
GET /api/list/getMyLists 304 - - 260.883 ms
GET /api/story/getTrendingStories 304 - - 121.201 ms
GET /api/story/allTags 304 - - 254.121 ms
GET /main.4e0a27f7b29a808d8c79.hot-update.json 404 81 - 8.138 ms
GET /api/story?keyword= 304 - - 728.388 ms
GET /api/story/getTrendingStories 200 19244 - 126.636 ms
GET /api/story/allTags 200 385 - 337.682 ms
GET /api/story?keyword= 200 193924 - 366.489 ms
POST /api/user/login 200 388 - 173.405 ms
GET /api/user/652d80311d049857e2174f84 200 30446 - 164.227 ms
GET /api/notification/652d80311d049857e2174f84 201 27330 - 237.525 ms
GET /api/user/652d80311d049857e2174f84 304 - - 170.010 ms
GET /api/list/getMyLists 200 29396 - 170.505 ms
GET /api/story?keyword= 304 - - 263.462 ms
GET /api/list/getMyLists 304 - - 221.894 ms
GET /api/story/getTrendingStories 200 19244 - 111.134 ms
GET /api/story/allTags 200 385 - 231.032 ms
GET /api/story?keyword= 200 193924 - 589.526 ms
POST /api/user/login 200 389 - 184.031 ms
GET /api/user/652d80311d049857e2174f83 200 35343 - 161.619 ms
GET /api/notification/652d80311d049857e2174f83 201 37898 - 174.850 ms
GET /api/user/652d80311d049857e2174f83 304 - - 110.935 ms
GET /api/list/getMyLists 200 16816 - 160.852 ms
GET /api/story?keyword= 304 - - 280.717 ms
GET /api/list/getMyLists 304 - - 162.222 ms
GET /api/user/652d80311d049857e2174f84 304 - - 128.261 ms
GET /api/story?keyword=jane 200 18124 - 124.707 ms
GET /api/list/getMyLists 304 - - 181.412 ms
GET /api/notification/652d80311d049857e2174f84 201 27330 - 192.585 ms
GET /api/user/652d80311d049857e2174f84 304 - - 128.928 ms
GET /api/comment/storyComments/652d80311d049857e2174f95 200 1628 - 124.590 ms
GET /api/story/652d80311d049857e2174f95/storyClaps 200 299 - 130.593 ms
GET /api/story/652d80311d049857e2174f95 200 4898 - 122.314 ms
PUT /api/story/652d80311d049857e2174f95/markStoryViewed 200 287 - 256.485 ms
GET /api/story/652d80311d049857e2174f95/storyClaps 304 - - 99.477 ms
PUT /api/story/652d80311d049857e2174f95/markStoryRead 200 286 - 276.040 ms
PUT /api/story/652d80311d049857e2174f95/addClap 200 319 - 398.354 ms
GET /api/story/652d80311d049857e2174f95/storyClaps 200 299 - 115.244 ms
GET /api/user/652d80311d049857e2174f83 304 - - 133.802 ms
GET /api/notification/652d80311d049857e2174f83 201 39876 - 178.886 ms
PUT /api/story/652d80311d049857e2174f95/addClap 200 320 - 357.040 ms
GET /api/user/652d80311d049857e2174f83 304 - - 116.866 ms
GET /api/story/652d80311d049857e2174f95/storyClaps 200 300 - 119.321 ms
GET /api/notification/652d80311d049857e2174f83 201 41855 - 163.897 ms
GET /api/story/getTrendingStories 304 - - 114.349 ms
GET /api/story/allTags 304 - - 259.605 ms
GET /api/story?keyword= 304 - - 296.539 ms
POST /api/user/login 200 388 - 183.295 ms
GET /api/user/652d80311d049857e2174f84 200 30446 - 158.612 ms
GET /api/notification/652d80311d049857e2174f84 201 27330 - 165.652 ms
GET /api/user/652d80311d049857e2174f84 304 - - 120.390 ms
GET /api/list/getMyLists 200 29396 - 249.814 ms
GET /api/story?keyword= 304 - - 327.959 ms
GET /api/list/getMyLists 304 - - 218.965 ms
GET /api/story/getTrendingStories 304 - - 173.564 ms
GET /api/story/allTags 304 - - 882.343 ms
GET /api/story?keyword= 304 - - 903.206 ms
