{"level":"error","message":"ENOENT: no such file or directory, stat '/Users/jigmeritzekura/Desktop/JS_FullStack/PORTFOLIO/PRODUCTION/medium-clone/backend/frontend/build/index.html'","timestamp":"2023-11-21T01:55:30.426Z"}
{"level":"error","message":"ENOENT: no such file or directory, stat '/Users/jigmeritzekura/Desktop/JS_FullStack/PORTFOLIO/PRODUCTION/medium-clone/backend/frontend/build/index.html'","timestamp":"2023-11-21T01:55:30.499Z"}
{"level":"error","message":"ENOENT: no such file or directory, stat '/Users/jigmeritzekura/Desktop/JS_FullStack/PORTFOLIO/PRODUCTION/medium-clone/backend/frontend/build/index.html'","timestamp":"2023-11-21T01:59:18.340Z"}
{"level":"error","message":"ENOENT: no such file or directory, stat '/Users/jigmeritzekura/Desktop/JS_FullStack/PORTFOLIO/PRODUCTION/medium-clone/backend/frontend/build/index.html'","timestamp":"2023-11-21T01:59:18.395Z"}
{"level":"error","message":"ENOENT: no such file or directory, stat '/Users/jigmeritzekura/Desktop/JS_FullStack/PORTFOLIO/PRODUCTION/medium-clone/frontend/build/index.html'","timestamp":"2023-11-21T02:34:04.459Z"}
{"level":"error","message":"ENOENT: no such file or directory, stat '/Users/jigmeritzekura/Desktop/JS_FullStack/PORTFOLIO/PRODUCTION/medium-clone/frontend/build/index.html'","timestamp":"2023-11-21T02:34:04.521Z"}
{"level":"error","message":"Not found - /main.4e0a27f7b29a808d8c79.hot-update.json","timestamp":"2023-11-21T17:27:36.963Z"}
{"level":"error","message":"Not authorized, token failed.","timestamp":"2023-11-25T22:03:19.082Z"}
{"level":"error","message":"Not authorized, token failed.","timestamp":"2023-11-25T22:03:19.540Z"}
{"level":"error","message":"You must first follow this user in order to unfollow.","timestamp":"2023-11-25T22:06:27.762Z"}
{"level":"error","message":"You must first follow this user in order to unfollow.","timestamp":"2023-11-25T22:06:30.584Z"}
{"level":"error","message":"Clap validation failed: clapsByUser: Path `clapsByUser` (11) is more than maximum allowed value (10).","timestamp":"2023-11-25T22:40:50.501Z"}
{"level":"error","message":"Not authorized, token failed.","timestamp":"2023-11-25T23:23:33.903Z"}
{"level":"error","message":"Not authorized, token failed.","timestamp":"2023-11-25T23:23:34.966Z"}
{"level":"error","message":"Clap validation failed: clapsByUser: Path `clapsByUser` (11) is more than maximum allowed value (10).","timestamp":"2023-11-25T23:25:46.820Z"}
{"level":"error","message":"You must first follow this user in order to unfollow.","timestamp":"2023-11-25T23:28:15.321Z"}
{"level":"error","message":"Clap validation failed: clapsByUser: Path `clapsByUser` (11) is more than maximum allowed value (10).","timestamp":"2023-11-25T23:32:21.980Z"}
{"level":"error","message":"Not authorized, token failed.","timestamp":"2023-11-25T23:32:40.278Z"}
{"level":"error","message":"Not authorized, token failed.","timestamp":"2023-11-25T23:32:40.688Z"}
{"level":"error","message":"Not authorized, token failed.","timestamp":"2023-11-26T00:02:19.493Z"}
{"level":"error","message":"Not authorized, token failed.","timestamp":"2023-11-26T00:02:20.082Z"}
{"level":"error","message":"Story validation failed: thumbnailImg: thumbnail of story is required","timestamp":"2023-11-26T00:06:46.066Z"}
{"level":"error","message":"Not authorized, token failed.","timestamp":"2023-11-26T00:15:40.880Z"}
{"level":"error","message":"Not authorized, token failed.","timestamp":"2023-11-26T00:15:41.022Z"}
{"level":"error","message":"Clap validation failed: clapsByUser: Path `clapsByUser` (11) is more than maximum allowed value (10).","timestamp":"2023-11-26T00:18:01.107Z"}
{"level":"error","message":"Clap validation failed: clapsByUser: Path `clapsByUser` (11) is more than maximum allowed value (10).","timestamp":"2023-11-26T00:18:03.203Z"}
{"level":"error","message":"Clap validation failed: clapsByUser: Path `clapsByUser` (11) is more than maximum allowed value (10).","timestamp":"2023-11-26T00:18:06.730Z"}
{"level":"error","message":"Not authorized, token failed.","timestamp":"2023-11-26T00:27:47.620Z"}
{"level":"error","message":"Not authorized, token failed.","timestamp":"2023-11-26T00:27:47.812Z"}
{"level":"error","message":"Clap validation failed: clapsByUser: Path `clapsByUser` (11) is more than maximum allowed value (10).","timestamp":"2023-11-26T00:29:14.982Z"}
{"level":"error","message":"Clap validation failed: clapsByUser: Path `clapsByUser` (11) is more than maximum allowed value (10).","timestamp":"2023-11-26T00:29:15.428Z"}
{"level":"error","message":"Clap validation failed: clapsByUser: Path `clapsByUser` (11) is more than maximum allowed value (10).","timestamp":"2023-11-26T00:29:17.424Z"}
{"level":"error","message":"Clap validation failed: clapsByUser: Path `clapsByUser` (11) is more than maximum allowed value (10).","timestamp":"2023-11-26T00:34:02.392Z"}
{"level":"error","message":"Not authorized, token failed.","timestamp":"2023-11-26T01:53:40.473Z"}
{"level":"error","message":"Not authorized, token failed.","timestamp":"2023-11-26T01:53:42.782Z"}
{"level":"error","message":"Clap validation failed: clapsByUser: Path `clapsByUser` (11) is more than maximum allowed value (10).","timestamp":"2023-11-26T02:02:39.983Z"}
{"level":"error","message":"Clap validation failed: clapsByUser: Path `clapsByUser` (11) is more than maximum allowed value (10).","timestamp":"2023-11-26T02:02:41.807Z"}
{"level":"error","message":"Not authorized, token failed.","timestamp":"2023-11-26T02:03:18.327Z"}
{"level":"error","message":"Not authorized, token failed.","timestamp":"2023-11-26T02:03:18.470Z"}
{"level":"error","message":"No matching document found for id \"652d80311d049857e2174f84\" version 20 modifiedPaths \"recommendedTopics\"","timestamp":"2023-11-26T02:04:55.281Z"}
{"level":"error","message":"No matching document found for id \"652d80311d049857e2174f84\" version 20 modifiedPaths \"recommendedTopics\"","timestamp":"2023-11-26T02:04:55.282Z"}
{"level":"error","message":"No matching document found for id \"652d80311d049857e2174f84\" version 20 modifiedPaths \"recommendedTopics\"","timestamp":"2023-11-26T02:04:55.282Z"}
{"level":"error","message":"Clap validation failed: clapsByUser: Path `clapsByUser` (11) is more than maximum allowed value (10).","timestamp":"2023-11-26T02:07:51.144Z"}
{"level":"error","message":"Clap validation failed: clapsByUser: Path `clapsByUser` (11) is more than maximum allowed value (10).","timestamp":"2023-11-26T02:07:51.964Z"}
{"level":"error","message":"Clap validation failed: clapsByUser: Path `clapsByUser` (11) is more than maximum allowed value (10).","timestamp":"2023-11-26T02:07:52.650Z"}
{"level":"error","message":"Not authorized, token failed.","timestamp":"2023-11-26T02:16:52.046Z"}
{"level":"error","message":"Not authorized, token failed.","timestamp":"2023-11-26T02:16:52.576Z"}
{"level":"error","message":"Clap validation failed: clapsByUser: Path `clapsByUser` (11) is more than maximum allowed value (10).","timestamp":"2023-11-26T02:19:23.498Z"}
{"level":"error","message":"Not authorized, token failed.","timestamp":"2023-11-26T02:28:03.861Z"}
{"level":"error","message":"Not authorized, token failed.","timestamp":"2023-11-26T02:28:11.872Z"}
{"level":"error","message":"Not authorized, token failed.","timestamp":"2023-11-26T20:16:57.147Z"}
{"level":"error","message":"The id enterred is not valid!","timestamp":"2023-11-26T20:16:57.153Z"}
{"level":"error","message":"The id enterred is not valid!","timestamp":"2023-11-26T20:16:57.158Z"}
{"level":"error","message":"Clap validation failed: clapsByUser: Path `clapsByUser` (11) is more than maximum allowed value (10).","timestamp":"2023-11-26T20:21:51.703Z"}
{"level":"error","message":"Not found - /main.64c4c9b16dc273e70930.hot-update.json","timestamp":"2023-11-26T20:25:10.027Z"}
{"level":"error","message":"Clap validation failed: clapsByUser: Path `clapsByUser` (11) is more than maximum allowed value (10).","timestamp":"2023-11-26T20:30:16.115Z"}
{"level":"error","message":"Clap validation failed: clapsByUser: Path `clapsByUser` (11) is more than maximum allowed value (10).","timestamp":"2023-11-26T20:30:16.352Z"}
{"level":"error","message":"Clap validation failed: clapsByUser: Path `clapsByUser` (11) is more than maximum allowed value (10).","timestamp":"2023-11-26T20:30:16.735Z"}
{"level":"error","message":"Clap validation failed: clapsByUser: Path `clapsByUser` (11) is more than maximum allowed value (10).","timestamp":"2023-11-26T20:30:17.148Z"}
{"level":"error","message":"Not authorized, token failed.","timestamp":"2023-11-27T19:40:28.199Z"}
{"level":"error","message":"The id enterred is not valid!","timestamp":"2023-11-27T19:40:28.205Z"}
{"level":"error","message":"The id enterred is not valid!","timestamp":"2023-11-27T19:40:28.216Z"}
